<?xml version="1.0" encoding="UTF-8"?>
<testsuite name="TwelveDaysTest" tests="1" skipped="0" failures="0" errors="0" timestamp="2022-06-30T03:49:25" hostname="LAPTOP-I984HFU2" time="0.015">
  <properties/>
  <testcase name="testVerseOne()" classname="TwelveDaysTest" time="0.015"/>
  <system-out><![CDATA[]]></system-out>
  <system-err><![CDATA[]]></system-err>
</testsuite>
